<?xml version="1.0" encoding="UTF-8"?>
<testsuite name="TestRunner.ChangeControlTestRunner.AllRunnerTest" tests="9" skipped="0" failures="0" errors="0" timestamp="2024-02-29T05:51:31" hostname="SILCHQSOFT178L" time="37.38">
  <properties/>
  <testcase name="runScenario[0](&quot;Login with valid data&quot;, &quot;Optional[EQMS Login]&quot;)" classname="TestRunner.ChangeControlTestRunner.AllRunnerTest" time="4.043"/>
  <testcase name="runScenario[1](&quot;Add raise change control information&quot;, &quot;Optional[Change Control]&quot;)" classname="TestRunner.ChangeControlTestRunner.AllRunnerTest" time="4.018"/>
  <testcase name="runScenario[2](&quot;Add review of proposed change information&quot;, &quot;Optional[Review of Proposed Change]&quot;)" classname="TestRunner.ChangeControlTestRunner.AllRunnerTest" time="4.306"/>
  <testcase name="runScenario[3](&quot;Add Impact Assessment information&quot;, &quot;Optional[Impact Assessment]&quot;)" classname="TestRunner.ChangeControlTestRunner.AllRunnerTest" time="3.333"/>
  <testcase name="runScenario[4](&quot;Add Change Plan information&quot;, &quot;Optional[Change Plan]&quot;)" classname="TestRunner.ChangeControlTestRunner.AllRunnerTest" time="5.033"/>
  <testcase name="runScenario[5](&quot;Add Change Plan Functional Approval information&quot;, &quot;Optional[Change Plan Functional Approval]&quot;)" classname="TestRunner.ChangeControlTestRunner.AllRunnerTest" time="3.667"/>
  <testcase name="runScenario[6](&quot;Add Change Plan Approval information&quot;, &quot;Optional[Change Plan Approval]&quot;)" classname="TestRunner.ChangeControlTestRunner.AllRunnerTest" time="3.39"/>
  <testcase name="runScenario[7](&quot;Add implementation information&quot;, &quot;Optional[Implementation]&quot;)" classname="TestRunner.ChangeControlTestRunner.AllRunnerTest" time="4.08"/>
  <testcase name="runScenario[8](&quot;Add quality final review information&quot;, &quot;Optional[Quality Final Review]&quot;)" classname="TestRunner.ChangeControlTestRunner.AllRunnerTest" time="5.501"/>
  <system-out><![CDATA[
@login
Scenario Outline: Login with valid data       # src/test/resources/eQMSFeatureFiles/01_customerComplainFeature/01_login.feature:12
  Given user in the login page                # EQMSStepDefinition.CustomerComplainsStepDefinition.LoginStepDefinition.userInTheLoginPage()
  When user enter 'Rafi' and '123'            # EQMSStepDefinition.CustomerComplainsStepDefinition.LoginStepDefinition.userEnterAnd(java.lang.String,java.lang.String)
  And click login button                      # EQMSStepDefinition.CustomerComplainsStepDefinition.LoginStepDefinition.clickLoginButton()
Successfully login -->>>>
  Then successfully navigate to the dashboard # EQMSStepDefinition.CustomerComplainsStepDefinition.LoginStepDefinition.successfullyNavigateToTheDashboard()

@raiseChangeControl
Scenario: Add raise change control information                # src/test/resources/eQMSFeatureFiles/02_changeControlFeatures/01_raiseChangeControl.feature:4
  Given click on change control option                        # EQMSStepDefinition.ChangeControlStepDefinition.RaiseChangeControlStepDefinition.clickOnChangeControlOption()
  When select raise change control                            # EQMSStepDefinition.ChangeControlStepDefinition.RaiseChangeControlStepDefinition.selectRaiseChangeControl()
  And fill in the raise Change Control information            # EQMSStepDefinition.ChangeControlStepDefinition.RaiseChangeControlStepDefinition.fillInTheRaiseChangeControlInformation()
CC Record Number: 
  Then save and submit raise change control's the information # EQMSStepDefinition.ChangeControlStepDefinition.RaiseChangeControlStepDefinition.saveAndSubmitRaiseChangeControlSTheInformation()

@reviewOfProposedChange
Scenario: Add review of proposed change information                # src/test/resources/eQMSFeatureFiles/02_changeControlFeatures/02_reviewofProposedChange.feature:4
  Given click on change control option                             # EQMSStepDefinition.ChangeControlStepDefinition.RaiseChangeControlStepDefinition.clickOnChangeControlOption()
  When select review of proposed change                            # EQMSStepDefinition.ChangeControlStepDefinition.ReviewOfProposedChangeStepDefinition.selectReviewOfProposedChange()
ccRecordValue 
  And fill in the review of proposed change information            # EQMSStepDefinition.ChangeControlStepDefinition.ReviewOfProposedChangeStepDefinition.fillInTheReviewOfProposedChangeInformation()
  Then save and submit review of proposed change's the information # EQMSStepDefinition.ChangeControlStepDefinition.ReviewOfProposedChangeStepDefinition.saveAndSubmitReviewOfProposedChangeSTheInformation()

@impactAssessment
Scenario: Add Impact Assessment information                # src/test/resources/eQMSFeatureFiles/02_changeControlFeatures/03_impactAssessment.feature:4
  Given click on change control option                     # EQMSStepDefinition.ChangeControlStepDefinition.RaiseChangeControlStepDefinition.clickOnChangeControlOption()
  When select impact assessment                            # EQMSStepDefinition.ChangeControlStepDefinition.ImpactAssessmentStepDefinition.selectImpactAssessment()
  And fill in the impact assessment information            # EQMSStepDefinition.ChangeControlStepDefinition.ImpactAssessmentStepDefinition.fillInTheImpactAssessmentInformation()
  Then save and submit impact assessment's the information # EQMSStepDefinition.ChangeControlStepDefinition.ImpactAssessmentStepDefinition.saveAndSubmitImpactAssessmentSTheInformation()

@changePlan
Scenario: Add Change Plan information                # src/test/resources/eQMSFeatureFiles/02_changeControlFeatures/04_changePlan.feature:4
  Given click on change control option               # EQMSStepDefinition.ChangeControlStepDefinition.RaiseChangeControlStepDefinition.clickOnChangeControlOption()
  When select change plan                            # EQMSStepDefinition.ChangeControlStepDefinition.ChangePlanStepDefinition.selectChangePlan()
  And fill in the change plan information            # EQMSStepDefinition.ChangeControlStepDefinition.ChangePlanStepDefinition.fillInTheChangePlanInformation()
  Then save and submit Change Plan's the information # EQMSStepDefinition.ChangeControlStepDefinition.ChangePlanStepDefinition.saveAndSubmitChangePlanSTheInformation()

@changePlanFunctionalApproval
Scenario: Add Change Plan Functional Approval information                # src/test/resources/eQMSFeatureFiles/02_changeControlFeatures/05_changePlanFunctionalApproval.feature:4
  Given click on change control option                                   # EQMSStepDefinition.ChangeControlStepDefinition.RaiseChangeControlStepDefinition.clickOnChangeControlOption()
  When select change plan functional approval                            # EQMSStepDefinition.ChangeControlStepDefinition.ChangePlanFunctionalApprovalStepdefs.selectChangePlanFunctionalApproval()
  And fill in the change plan functional approval information            # EQMSStepDefinition.ChangeControlStepDefinition.ChangePlanFunctionalApprovalStepdefs.fillInTheChangePlanFunctionalApprovalInformation()
  Then save and submit change plan functional approval's the information # EQMSStepDefinition.ChangeControlStepDefinition.ChangePlanFunctionalApprovalStepdefs.saveAndSubmitChangePlanFunctionalApprovalSTheInformation()

@changePlanApproval
Scenario: Add Change Plan Approval information                # src/test/resources/eQMSFeatureFiles/02_changeControlFeatures/06_changePlanApproval.feature:4
  Given click on change control option                        # EQMSStepDefinition.ChangeControlStepDefinition.RaiseChangeControlStepDefinition.clickOnChangeControlOption()
  When select change plan approval                            # EQMSStepDefinition.ChangeControlStepDefinition.ChangePlanApprovalStepdefs.selectChangePlanApproval()
  And fill in the change plan approval information            # EQMSStepDefinition.ChangeControlStepDefinition.ChangePlanApprovalStepdefs.fillInTheChangePlanApprovalInformation()
  Then save and submit change plan approval's the information # EQMSStepDefinition.ChangeControlStepDefinition.ChangePlanApprovalStepdefs.saveAndSubmitChangePlanApprovalSTheInformation()

@implementation
Scenario: Add implementation information                # src/test/resources/eQMSFeatureFiles/02_changeControlFeatures/07_implementation.feature:4
  Given click on change control option                  # EQMSStepDefinition.ChangeControlStepDefinition.RaiseChangeControlStepDefinition.clickOnChangeControlOption()
  When select implementation                            # EQMSStepDefinition.ChangeControlStepDefinition.ImplementationStepdefs.selectImplementation()
  And fill in the implementation information            # EQMSStepDefinition.ChangeControlStepDefinition.ImplementationStepdefs.fillInTheImplementationInformation()
  Then save and submit implementation's the information # EQMSStepDefinition.ChangeControlStepDefinition.ImplementationStepdefs.saveAndSubmitImplementationSTheInformation()

@qualityFinalReview
Scenario: Add quality final review information                # src/test/resources/eQMSFeatureFiles/02_changeControlFeatures/08_qualityFinalReview.feature:4
  Given click on change control option                        # EQMSStepDefinition.ChangeControlStepDefinition.RaiseChangeControlStepDefinition.clickOnChangeControlOption()
  When select quality final review                            # EQMSStepDefinition.ChangeControlStepDefinition.QualityFinalReviewStepdefs.selectQualityFinalReview()
  And fill in the quality final review information            # EQMSStepDefinition.ChangeControlStepDefinition.QualityFinalReviewStepdefs.fillInTheQualityFinalReviewInformation()
  Then save and submit quality final review's the information # EQMSStepDefinition.ChangeControlStepDefinition.QualityFinalReviewStepdefs.saveAndSubmitQualityFinalReviewSTheInformation()
]]></system-out>
  <system-err><![CDATA[SLF4J: No SLF4J providers were found.
SLF4J: Defaulting to no-operation (NOP) logger implementation
SLF4J: See https://www.slf4j.org/codes.html#noProviders for further details.
Starting ChromeDriver 122.0.6261.94 (880dbf29479c6152d5e4f08dfd3a96b30f919e56-refs/branch-heads/6261@{#960}) on port 2006
Only local connections are allowed.
Please see https://chromedriver.chromium.org/security-considerations for suggestions on keeping ChromeDriver safe.
ChromeDriver was started successfully.
Feb 29, 2024 11:51:33 AM org.openqa.selenium.devtools.CdpVersionFinder findNearestMatch
WARNING: Unable to find CDP implementation matching 122
Feb 29, 2024 11:51:33 AM org.openqa.selenium.chromium.ChromiumDriver lambda$new$3
WARNING: Unable to find version of CDP to use for . You may need to include a dependency on a specific version of the CDP using something similar to `org.seleniumhq.selenium:selenium-devtools-v86:4.7.0` where the version ("v86") matches the version of the chromium-based browser you're using and the version number of the artifact is the same as Selenium's.
]]></system-err>
</testsuite>
