<?xml version="1.0" encoding="UTF-8"?>
<!-- Generated by org.testng.reporters.JUnitReportReporter -->
<testsuite skipped="0" hostname="SILCHQSOFT178L" name="TestRunner.AllRunnerTest" tests="16" failures="0" timestamp="2024-07-17T09:05:39 BDT" time="89.090" errors="0">
  <testcase name="runScenario" time="4.011" classname="TestRunner.AllRunnerTest"/>
  <system-out/>
  <testcase name="runScenario" time="3.702" classname="TestRunner.AllRunnerTest"/>
  <system-out/>
  <testcase name="runScenario" time="3.790" classname="TestRunner.AllRunnerTest"/>
  <system-out/>
  <testcase name="runScenario" time="3.638" classname="TestRunner.AllRunnerTest"/>
  <system-out/>
  <testcase name="runScenario" time="3.709" classname="TestRunner.AllRunnerTest"/>
  <system-out/>
  <testcase name="runScenario" time="4.920" classname="TestRunner.AllRunnerTest"/>
  <system-out/>
  <testcase name="runScenario" time="4.070" classname="TestRunner.AllRunnerTest"/>
  <system-out/>
  <testcase name="runScenario" time="8.445" classname="TestRunner.AllRunnerTest"/>
  <system-out/>
  <testcase name="runScenario" time="9.246" classname="TestRunner.AllRunnerTest"/>
  <system-out/>
  <testcase name="runScenario" time="9.744" classname="TestRunner.AllRunnerTest"/>
  <system-out/>
  <testcase name="runScenario" time="3.584" classname="TestRunner.AllRunnerTest"/>
  <system-out/>
  <testcase name="runScenario" time="13.361" classname="TestRunner.AllRunnerTest"/>
  <system-out/>
  <testcase name="runScenario" time="3.636" classname="TestRunner.AllRunnerTest"/>
  <system-out/>
  <testcase name="runScenario" time="3.967" classname="TestRunner.AllRunnerTest"/>
  <system-out/>
  <testcase name="runScenario" time="5.778" classname="TestRunner.AllRunnerTest"/>
  <system-out/>
  <testcase name="runScenario" time="3.489" classname="TestRunner.AllRunnerTest"/>
  <system-out/>
</testsuite> <!-- TestRunner.AllRunnerTest -->
