<?xml version="1.0" encoding="UTF-8"?>
<!-- Generated by org.testng.reporters.JUnitReportReporter -->
<testsuite skipped="0" hostname="SILCHQSOFT178L" name="TestRunner.AllRunnerTest" tests="16" failures="0" timestamp="2024-07-16T12:53:16 BDT" time="67.883" errors="0">
  <testcase name="runScenario" time="2.745" classname="TestRunner.AllRunnerTest"/>
  <system-out/>
  <testcase name="runScenario" time="2.781" classname="TestRunner.AllRunnerTest"/>
  <system-out/>
  <testcase name="runScenario" time="7.592" classname="TestRunner.AllRunnerTest"/>
  <system-out/>
  <testcase name="runScenario" time="2.850" classname="TestRunner.AllRunnerTest"/>
  <system-out/>
  <testcase name="runScenario" time="2.782" classname="TestRunner.AllRunnerTest"/>
  <system-out/>
  <testcase name="runScenario" time="3.727" classname="TestRunner.AllRunnerTest"/>
  <system-out/>
  <testcase name="runScenario" time="4.911" classname="TestRunner.AllRunnerTest"/>
  <system-out/>
  <testcase name="runScenario" time="2.775" classname="TestRunner.AllRunnerTest"/>
  <system-out/>
  <testcase name="runScenario" time="3.413" classname="TestRunner.AllRunnerTest"/>
  <system-out/>
  <testcase name="runScenario" time="8.622" classname="TestRunner.AllRunnerTest"/>
  <system-out/>
  <testcase name="runScenario" time="3.738" classname="TestRunner.AllRunnerTest"/>
  <system-out/>
  <testcase name="runScenario" time="2.740" classname="TestRunner.AllRunnerTest"/>
  <system-out/>
  <testcase name="runScenario" time="7.152" classname="TestRunner.AllRunnerTest"/>
  <system-out/>
  <testcase name="runScenario" time="2.837" classname="TestRunner.AllRunnerTest"/>
  <system-out/>
  <testcase name="runScenario" time="5.572" classname="TestRunner.AllRunnerTest"/>
  <system-out/>
  <testcase name="runScenario" time="3.646" classname="TestRunner.AllRunnerTest"/>
  <system-out/>
</testsuite> <!-- TestRunner.AllRunnerTest -->
