<?xml version="1.0" encoding="UTF-8"?>
<!-- Generated by org.testng.reporters.JUnitReportReporter -->
<testsuite skipped="0" hostname="SILCHQSOFT178L" name="TestRunner.AllRunnerTest" tests="16" failures="0" timestamp="2024-07-28T15:29:11 BDT" time="66.365" errors="0">
  <testcase name="runScenario" time="5.236" classname="TestRunner.AllRunnerTest"/>
  <system-out/>
  <testcase name="runScenario" time="7.255" classname="TestRunner.AllRunnerTest"/>
  <system-out/>
  <testcase name="runScenario" time="3.227" classname="TestRunner.AllRunnerTest"/>
  <system-out/>
  <testcase name="runScenario" time="7.092" classname="TestRunner.AllRunnerTest"/>
  <system-out/>
  <testcase name="runScenario" time="3.306" classname="TestRunner.AllRunnerTest"/>
  <system-out/>
  <testcase name="runScenario" time="3.221" classname="TestRunner.AllRunnerTest"/>
  <system-out/>
  <testcase name="runScenario" time="3.229" classname="TestRunner.AllRunnerTest"/>
  <system-out/>
  <testcase name="runScenario" time="7.391" classname="TestRunner.AllRunnerTest"/>
  <system-out/>
  <testcase name="runScenario" time="3.170" classname="TestRunner.AllRunnerTest"/>
  <system-out/>
  <testcase name="runScenario" time="3.375" classname="TestRunner.AllRunnerTest"/>
  <system-out/>
  <testcase name="runScenario" time="4.718" classname="TestRunner.AllRunnerTest"/>
  <system-out/>
  <testcase name="runScenario" time="3.202" classname="TestRunner.AllRunnerTest"/>
  <system-out/>
  <testcase name="runScenario" time="3.251" classname="TestRunner.AllRunnerTest"/>
  <system-out/>
  <testcase name="runScenario" time="2.721" classname="TestRunner.AllRunnerTest"/>
  <system-out/>
  <testcase name="runScenario" time="2.715" classname="TestRunner.AllRunnerTest"/>
  <system-out/>
  <testcase name="runScenario" time="3.256" classname="TestRunner.AllRunnerTest"/>
  <system-out/>
</testsuite> <!-- TestRunner.AllRunnerTest -->
