<?xml version="1.0" encoding="UTF-8"?>
<!-- Generated by org.testng.reporters.JUnitReportReporter -->
<testsuite skipped="0" hostname="SILCHQSOFT178L" name="TestRunner.ChangeControlTestRunner.AllRunnerTest" tests="9" failures="0" timestamp="2024-02-29T11:52:08 BDT" time="37.371" errors="0">
  <testcase name="runScenario" time="4.043" classname="TestRunner.ChangeControlTestRunner.AllRunnerTest"/>
  <system-out/>
  <testcase name="runScenario" time="4.306" classname="TestRunner.ChangeControlTestRunner.AllRunnerTest"/>
  <system-out/>
  <testcase name="runScenario" time="5.033" classname="TestRunner.ChangeControlTestRunner.AllRunnerTest"/>
  <system-out/>
  <testcase name="runScenario" time="4.018" classname="TestRunner.ChangeControlTestRunner.AllRunnerTest"/>
  <system-out/>
  <testcase name="runScenario" time="3.333" classname="TestRunner.ChangeControlTestRunner.AllRunnerTest"/>
  <system-out/>
  <testcase name="runScenario" time="5.501" classname="TestRunner.ChangeControlTestRunner.AllRunnerTest"/>
  <system-out/>
  <testcase name="runScenario" time="3.390" classname="TestRunner.ChangeControlTestRunner.AllRunnerTest"/>
  <system-out/>
  <testcase name="runScenario" time="4.080" classname="TestRunner.ChangeControlTestRunner.AllRunnerTest"/>
  <system-out/>
  <testcase name="runScenario" time="3.667" classname="TestRunner.ChangeControlTestRunner.AllRunnerTest"/>
  <system-out/>
</testsuite> <!-- TestRunner.ChangeControlTestRunner.AllRunnerTest -->
